cardscan-ui-local/build/intermediates/manifest_merge_blame_file/debug/manifest-merger-blame-debug-report.txt
1<?xml version="1.0" encoding="utf-8"?>
2<manifest xmlns:android="http://schemas.android.com/apk/res/android"
3    package="com.getbouncer.cardscan.ui.local" >
4
5    <uses-sdk
6        android:minSdkVersion="21"
6-->src/main/AndroidManifest.xml
7        android:targetSdkVersion="30" />
7-->src/main/AndroidManifest.xml
8
9    <application>
9-->src/main/AndroidManifest.xml:4:5-9:19
10        <activity
10-->src/main/AndroidManifest.xml:5:9-8:58
11            android:name="com.getbouncer.cardscan.ui.local.CardScanActivity"
11-->src/main/AndroidManifest.xml:6:13-77
12            android:screenOrientation="nosensor"
12-->src/main/AndroidManifest.xml:7:13-49
13            android:theme="@style/BouncerDefaultTheme" />
13-->src/main/AndroidManifest.xml:8:13-55
14    </application>
15
16</manifest>